2017-05-25 09:11:33,982 INFO [main] c.h.f.u.h.HttpClientExecutorImpl [HttpClientExecutorImpl.java:302] ++++ Http get http://localhost:8080/mall/admin/user/login ,cost millseconds 707
2017-05-25 09:52:57,223 INFO [main] c.h.f.u.h.HttpClientExecutorImpl [HttpClientExecutorImpl.java:302] ++++ Http get http://localhost:8080/mall/admin/user/login ,cost millseconds 15132
2017-05-25 09:58:55,410 INFO [main] c.h.f.u.h.HttpClientExecutorImpl [HttpClientExecutorImpl.java:302] ++++ Http get http://localhost:8080/mall/admin/user/login ,cost millseconds 525
2017-05-25 09:59:48,229 INFO [main] c.h.f.u.h.HttpClientExecutorImpl [HttpClientExecutorImpl.java:302] ++++ Http get http://localhost:8080/mall/admin/user/login ,cost millseconds 215
2017-05-25 10:07:12,295 INFO [main] c.h.f.u.h.HttpClientExecutorImpl [HttpClientExecutorImpl.java:302] ++++ Http get http://localhost:8080/mall/admin/user/logout?version=1.0&t=151d23bf-1350-4fde-82c1-1fd71ecdd679 ,cost millseconds 2287
2017-05-25 10:09:10,165 INFO [main] c.h.f.u.h.HttpClientExecutorImpl [HttpClientExecutorImpl.java:302] ++++ Http get http://localhost:8080/mall/admin/user/logout?version=1.0&t=151d23bf-1350-4fde-82c1-1fd71ecdd679 ,cost millseconds 207
2017-05-25 10:09:17,759 INFO [main] c.h.f.u.h.HttpClientExecutorImpl [HttpClientExecutorImpl.java:302] ++++ Http get http://localhost:8080/mall/admin/user/logout?version=1.0&t=151d23bf-1350-4fde-82c1-1fd71ecdd679 ,cost millseconds 176
2017-05-25 10:09:34,153 INFO [main] c.h.f.u.h.HttpClientExecutorImpl [HttpClientExecutorImpl.java:302] ++++ Http get http://localhost:8080/mall/admin/user/logout?version=1.0&t=151d23bf-1350-4fde-82c1-1fd71ecdd679 ,cost millseconds 225
2017-05-25 10:10:36,621 INFO [main] c.h.f.u.h.HttpClientExecutorImpl [HttpClientExecutorImpl.java:302] ++++ Http get http://localhost:8080/mall/admin/user/logout?version=1.0&t=11151d23bf-1350-4fde-82c1-1fd71ecdd679 ,cost millseconds 189
2017-05-25 10:11:24,555 INFO [main] c.h.f.u.h.HttpClientExecutorImpl [HttpClientExecutorImpl.java:302] ++++ Http get http://localhost:8080/mall/admin/user/login ,cost millseconds 204
2017-05-25 10:11:48,005 INFO [main] c.h.f.u.h.HttpClientExecutorImpl [HttpClientExecutorImpl.java:302] ++++ Http get http://localhost:8080/mall/admin/user/logout?version=1.0&t=a6fd1449-c231-447d-bf4f-e87feee55de5 ,cost millseconds 284
2017-05-25 10:12:58,327 INFO [main] c.h.f.u.h.HttpClientExecutorImpl [HttpClientExecutorImpl.java:302] ++++ Http get http://localhost:8080/mall/admin/user/pwd/reset ,cost millseconds 157
2017-05-25 10:17:28,516 INFO [main] c.h.f.u.h.HttpClientExecutorImpl [HttpClientExecutorImpl.java:302] ++++ Http get http://localhost:8080/mall/admin/user/pwd/update ,cost millseconds 169
2017-05-25 11:03:44,005 INFO [main] c.h.f.u.h.HttpClientExecutorImpl [HttpClientExecutorImpl.java:302] ++++ Http get http://localhost:8080/mall/admin/user/create?version=1.0&t=a6fd1449-c231-447d-bf4f-e87feee55de5 ,cost millseconds 2158
2017-05-25 11:27:12,793 INFO [main] c.h.f.u.h.HttpClientExecutorImpl [HttpClientExecutorImpl.java:302] ++++ Http get http://localhost:8080/mall/admin/user/create?version=1.0&t=a6fd1449-c231-447d-bf4f-e87feee55de5 ,cost millseconds 399
2017-05-25 11:36:58,343 INFO [main] c.h.f.u.h.HttpClientExecutorImpl [HttpClientExecutorImpl.java:302] ++++ Http get http://localhost:8080/mall/admin/user/create?version=1.0&t=a6fd1449-c231-447d-bf4f-e87feee55de5 ,cost millseconds 197
2017-05-25 11:37:13,340 INFO [main] c.h.f.u.h.HttpClientExecutorImpl [HttpClientExecutorImpl.java:302] ++++ Http get http://localhost:8080/mall/admin/user/login?version=1.0 ,cost millseconds 475
2017-05-25 11:37:39,316 INFO [main] c.h.f.u.h.HttpClientExecutorImpl [HttpClientExecutorImpl.java:302] ++++ Http get http://localhost:8080/mall/admin/user/create?version=1.0&t=e85c38fd-a218-4542-bc50-9d5da64b57f3 ,cost millseconds 180
2017-05-25 11:38:22,517 INFO [main] c.h.f.u.h.HttpClientExecutorImpl [HttpClientExecutorImpl.java:302] ++++ Http get http://localhost:8080/mall/admin/user/create?version=1.0&t=e85c38fd-a218-4542-bc50-9d5da64b57f3 ,cost millseconds 219
2017-05-25 11:44:13,349 INFO [main] c.h.f.u.h.HttpClientExecutorImpl [HttpClientExecutorImpl.java:302] ++++ Http get http://localhost:8080/mall/admin/user/create?version=1.0&t=e85c38fd-a218-4542-bc50-9d5da64b57f3 ,cost millseconds 778
2017-05-25 12:08:40,098 INFO [main] c.h.f.u.h.HttpClientExecutorImpl [HttpClientExecutorImpl.java:302] ++++ Http get http://localhost:8080/mall/admin/user/create?version=1.0&t=e85c38fd-a218-4542-bc50-9d5da64b57f3 ,cost millseconds 685
2017-05-25 12:12:02,781 INFO [main] c.h.f.u.h.HttpClientExecutorImpl [HttpClientExecutorImpl.java:302] ++++ Http get http://localhost:8080/mall/admin/user/create?version=1.0&t=e85c38fd-a218-4542-bc50-9d5da64b57f3 ,cost millseconds 959
2017-05-25 12:18:07,042 INFO [main] c.h.f.u.h.HttpClientExecutorImpl [HttpClientExecutorImpl.java:302] ++++ Http get http://localhost:8080/mall/admin/user/create?version=1.0&t=e85c38fd-a218-4542-bc50-9d5da64b57f3 ,cost millseconds 604
