2017-05-03 08:48:55,436 INFO [main] c.h.e.s.s.BsiTalkingDataService [BsiTalkingDataService.java:55] getAccessToken param=[{"key":"apikey","value":"698cd5baa506479d861d91a5361e3dac"},{"key":"apitoken","value":"0ae8dc8bc15045469f96e34a16d11224"}]
2017-05-03 08:48:56,501 INFO [main] c.h.e.s.s.BsiTalkingDataService [BsiTalkingDataService.java:58] getAccessToken()={"status":200,"msg":"OK","data":{"login":true,"timeout":3600,"token":"f77f1d17-c10d-4ef5-bbc3-67398041fd3b"}}
2017-05-03 08:48:56,558 INFO [main] c.h.e.s.s.BsiTalkingDataService [BsiTalkingDataService.java:98] first param=[{"key":"id","value":"1111"},{"key":"type","value":"imei"},{"key":"trinfo","value":"{\"trinfo\":[]}"}]
2017-05-03 08:51:22,259 INFO [main] c.h.e.s.s.BsiTalkingDataService [BsiTalkingDataService.java:55] getAccessToken param=[{"key":"apikey","value":"698cd5baa506479d861d91a5361e3dac"},{"key":"apitoken","value":"0ae8dc8bc15045469f96e34a16d11224"}]
2017-05-03 08:51:23,013 INFO [main] c.h.e.s.s.BsiTalkingDataService [BsiTalkingDataService.java:58] getAccessToken()={"status":200,"msg":"OK","data":{"login":true,"timeout":3453,"token":"f77f1d17-c10d-4ef5-bbc3-67398041fd3b"}}
2017-05-03 08:51:23,065 INFO [main] c.h.e.s.s.BsiTalkingDataService [BsiTalkingDataService.java:99] first param=[{"key":"id","value":"1111"},{"key":"type","value":"imei"},{"key":"trinfo","value":"{\"trinfo\":[{\"time\":1493772683055}]}"}]
2017-05-03 08:53:23,261 INFO [main] c.h.e.s.s.BsiTalkingDataService [BsiTalkingDataService.java:55] getAccessToken param=[{"key":"apikey","value":"698cd5baa506479d861d91a5361e3dac"},{"key":"apitoken","value":"0ae8dc8bc15045469f96e34a16d11224"}]
2017-05-03 08:53:24,041 INFO [main] c.h.e.s.s.BsiTalkingDataService [BsiTalkingDataService.java:58] getAccessToken()={"status":200,"msg":"OK","data":{"login":true,"timeout":3332,"token":"f77f1d17-c10d-4ef5-bbc3-67398041fd3b"}}
2017-05-03 08:53:24,103 INFO [main] c.h.e.s.s.BsiTalkingDataService [BsiTalkingDataService.java:101] first param=[{"key":"id","value":"1111"},{"key":"type","value":"imei"},{"key":"trinfo","value":"{\"trinfo\":[{\"endtime\":1493772804092,\"time\":1493772804092,\"starttime\":1493772804092}]}"}]
2017-05-03 08:58:59,241 INFO [main] c.h.e.s.s.BsiTalkingDataService [BsiTalkingDataService.java:55] getAccessToken param=[{"key":"apikey","value":"698cd5baa506479d861d91a5361e3dac"},{"key":"apitoken","value":"0ae8dc8bc15045469f96e34a16d11224"}]
2017-05-03 08:59:00,038 INFO [main] c.h.e.s.s.BsiTalkingDataService [BsiTalkingDataService.java:58] getAccessToken()={"status":200,"msg":"OK","data":{"login":true,"timeout":2996,"token":"f77f1d17-c10d-4ef5-bbc3-67398041fd3b"}}
2017-05-03 08:59:00,083 INFO [main] c.h.e.s.s.BsiTalkingDataService [BsiTalkingDataService.java:111] first param=[{"key":"id","value":"1111"},{"key":"type","value":"imei"},{"key":"trinfo","value":"{\"trinfo\":[{\"loc\":\"31.894,120.345\",\"endtime\":1493773140071,\"POIID\":\"13890\",\"adress\":\"宜昌市南京路 宜昌市南京路 128 号\",\"starttime\":1493773140071,\"POI\":\"宜昌德龙特展厅 宜昌德龙特展厅\",\"type\":\"4S店\",\"APNO\":\"WAP22000000089E\",\"RSSI\":37,\"BSSID\":\"0E:39:6C:4F:B0:CC\",\"time\":1493773140071,\"SSID\":\"宜昌德龙店\",\"brand\":\"\"}]}"}]
2017-05-03 09:01:47,130 INFO [main] c.h.e.s.s.BsiTalkingDataService [BsiTalkingDataService.java:55] getAccessToken param=[{"key":"apikey","value":"698cd5baa506479d861d91a5361e3dac"},{"key":"apitoken","value":"0ae8dc8bc15045469f96e34a16d11224"}]
2017-05-03 09:01:47,808 INFO [main] c.h.e.s.s.BsiTalkingDataService [BsiTalkingDataService.java:58] getAccessToken()={"status":200,"msg":"OK","data":{"login":true,"timeout":2829,"token":"f77f1d17-c10d-4ef5-bbc3-67398041fd3b"}}
2017-05-03 09:01:47,854 INFO [main] c.h.e.s.s.BsiTalkingDataService [BsiTalkingDataService.java:116] first param=null
2017-05-03 09:03:05,964 INFO [main] c.h.e.s.s.BsiTalkingDataService [BsiTalkingDataService.java:57] getAccessToken param=[{"key":"apikey","value":"698cd5baa506479d861d91a5361e3dac"},{"key":"apitoken","value":"0ae8dc8bc15045469f96e34a16d11224"}]
2017-05-03 09:03:06,784 INFO [main] c.h.e.s.s.BsiTalkingDataService [BsiTalkingDataService.java:60] getAccessToken()={"status":200,"msg":"OK","data":{"login":true,"timeout":2750,"token":"f77f1d17-c10d-4ef5-bbc3-67398041fd3b"}}
2017-05-03 09:03:06,854 INFO [main] c.h.e.s.s.BsiTalkingDataService [BsiTalkingDataService.java:125] first param=null
2017-05-03 09:05:26,873 INFO [main] c.h.e.s.s.BsiTalkingDataService [BsiTalkingDataService.java:57] getAccessToken param=[{"key":"apikey","value":"698cd5baa506479d861d91a5361e3dac"},{"key":"apitoken","value":"0ae8dc8bc15045469f96e34a16d11224"}]
2017-05-03 09:05:27,682 INFO [main] c.h.e.s.s.BsiTalkingDataService [BsiTalkingDataService.java:60] getAccessToken()={"status":200,"msg":"OK","data":{"login":true,"timeout":2609,"token":"f77f1d17-c10d-4ef5-bbc3-67398041fd3b"}}
2017-05-03 09:05:27,742 INFO [main] c.h.e.s.s.BsiTalkingDataService [BsiTalkingDataService.java:127] first param=null
2017-05-03 09:05:58,289 INFO [main] c.h.e.s.s.BsiTalkingDataService [BsiTalkingDataService.java:57] getAccessToken param=[{"key":"apikey","value":"698cd5baa506479d861d91a5361e3dac"},{"key":"apitoken","value":"0ae8dc8bc15045469f96e34a16d11224"}]
2017-05-03 09:05:59,082 INFO [main] c.h.e.s.s.BsiTalkingDataService [BsiTalkingDataService.java:60] getAccessToken()={"status":200,"msg":"OK","data":{"login":true,"timeout":2577,"token":"f77f1d17-c10d-4ef5-bbc3-67398041fd3b"}}
2017-05-03 09:06:24,420 INFO [main] c.h.e.s.s.BsiTalkingDataService [BsiTalkingDataService.java:57] getAccessToken param=[{"key":"apikey","value":"698cd5baa506479d861d91a5361e3dac"},{"key":"apitoken","value":"0ae8dc8bc15045469f96e34a16d11224"}]
2017-05-03 09:06:25,307 INFO [main] c.h.e.s.s.BsiTalkingDataService [BsiTalkingDataService.java:60] getAccessToken()={"status":200,"msg":"OK","data":{"login":true,"timeout":2551,"token":"f77f1d17-c10d-4ef5-bbc3-67398041fd3b"}}
2017-05-03 09:12:38,544 INFO [main] c.h.e.s.s.BsiTalkingDataService [BsiTalkingDataService.java:127] first param=null
2017-05-03 09:21:35,588 INFO [main] c.h.e.s.s.BsiTalkingDataService [BsiTalkingDataService.java:57] getAccessToken param=[{"key":"apikey","value":"698cd5baa506479d861d91a5361e3dac"},{"key":"apitoken","value":"0ae8dc8bc15045469f96e34a16d11224"}]
2017-05-03 09:21:36,424 INFO [main] c.h.e.s.s.BsiTalkingDataService [BsiTalkingDataService.java:60] getAccessToken()={"status":200,"msg":"OK","data":{"login":true,"timeout":1640,"token":"f77f1d17-c10d-4ef5-bbc3-67398041fd3b"}}
2017-05-03 09:21:36,500 INFO [main] c.h.e.s.s.BsiTalkingDataService [BsiTalkingDataService.java:127] first param=null
2017-05-03 09:22:41,295 INFO [main] c.h.e.s.s.BsiTalkingDataService [BsiTalkingDataService.java:57] getAccessToken param=[{"key":"apikey","value":"698cd5baa506479d861d91a5361e3dac"},{"key":"apitoken","value":"0ae8dc8bc15045469f96e34a16d11224"}]
2017-05-03 09:22:43,081 INFO [main] c.h.e.s.s.BsiTalkingDataService [BsiTalkingDataService.java:60] getAccessToken()={"status":200,"msg":"OK","data":{"login":true,"timeout":1573,"token":"f77f1d17-c10d-4ef5-bbc3-67398041fd3b"}}
2017-05-03 09:22:43,133 INFO [main] c.h.e.s.s.BsiTalkingDataService [BsiTalkingDataService.java:127] first param=null
2017-05-03 09:22:43,505 INFO [main] c.h.e.s.s.BsiTalkingDataService [BsiTalkingDataService.java:129] first()={"code":2002,"msg":"ok","data":{"tdid":"306f1eb431ddf64f613abb75ab959e685"},"seq":"d5c29cfd47ca4bfeaab4fbb562888f9c"}
2017-05-03 09:27:29,727 INFO [main] c.h.e.s.s.BsiTalkingDataService [BsiTalkingDataService.java:55] getAccessToken param=[{"key":"apikey","value":"698cd5baa506479d861d91a5361e3dac"},{"key":"apitoken","value":"0ae8dc8bc15045469f96e34a16d11224"}]
2017-05-03 09:27:30,512 INFO [main] c.h.e.s.s.BsiTalkingDataService [BsiTalkingDataService.java:58] getAccessToken()={"status":200,"msg":"OK","data":{"login":true,"timeout":1286,"token":"f77f1d17-c10d-4ef5-bbc3-67398041fd3b"}}
2017-05-03 09:27:30,563 INFO [main] c.h.e.s.s.BsiTalkingDataService [BsiTalkingDataService.java:125] first param=[{"key":"id","value":"111111111111111"},{"key":"type","value":"imei"},{"key":"trinfo","value":"{\"trinfo\":[{\"loc\":\"31.894,120.345\",\"endtime\":1493774850549,\"POIID\":\"13890\",\"adress\":\"宜昌市南京路 宜昌市南京路 128 号\",\"starttime\":1493774850549,\"POI\":\"宜昌德龙特展厅 宜昌德龙特展厅\",\"type\":\"4S店\",\"APNO\":\"WAP22000000089E\",\"RSSI\":37,\"BSSID\":\"0E:39:6C:4F:B0:CC\",\"time\":1493774850549,\"SSID\":\"宜昌德龙店\",\"brand\":\"\"}]}"}]
2017-05-03 09:27:30,907 INFO [main] c.h.e.s.s.BsiTalkingDataService [BsiTalkingDataService.java:127] first()={"code":2002,"msg":"ok","data":{"tdid":"306f1eb431ddf64f613abb75ab959e685"},"seq":"0d5d3201a98445879c8835fe7c577f79"}
