2017-05-02 10:11:13,536 INFO [main] c.h.e.s.s.BsiTalkingDataService [BsiTalkingDataService.java:55] getAccessToken param=[{"key":"apikey","value":"698cd5baa506479d861d91a5361e3dac"},{"key":"apitoken","value":"0ae8dc8bc15045469f96e34a16d11224"}]
2017-05-02 10:11:14,644 INFO [main] c.h.e.s.s.BsiTalkingDataService [BsiTalkingDataService.java:58] getAccessToken()={"status":200,"msg":"OK","data":{"login":true,"timeout":3600,"token":"878ee387-ce70-4eff-8276-c5ad7f6b279a"}}
2017-05-02 10:11:14,693 INFO [main] c.h.e.s.s.BsiTalkingDataService [BsiTalkingDataService.java:92] first param=[{"key":"id","value":"1111"},{"key":"type","value":"imei"},{"key":"trinfo","value":""}]
2017-05-02 10:11:30,344 INFO [main] c.h.e.s.s.BsiTalkingDataService [BsiTalkingDataService.java:55] getAccessToken param=[{"key":"apikey","value":"698cd5baa506479d861d91a5361e3dac"},{"key":"apitoken","value":"0ae8dc8bc15045469f96e34a16d11224"}]
2017-05-02 10:11:30,997 INFO [main] c.h.e.s.s.BsiTalkingDataService [BsiTalkingDataService.java:58] getAccessToken()={"status":200,"msg":"OK","data":{"login":true,"timeout":3584,"token":"878ee387-ce70-4eff-8276-c5ad7f6b279a"}}
2017-05-02 10:11:31,036 INFO [main] c.h.e.s.s.BsiTalkingDataService [BsiTalkingDataService.java:92] first param=[{"key":"id","value":"1111"},{"key":"type","value":"imei"},{"key":"trinfo","value":"1"}]
2017-05-02 10:11:55,009 INFO [main] c.h.e.s.s.BsiTalkingDataService [BsiTalkingDataService.java:55] getAccessToken param=[{"key":"apikey","value":"698cd5baa506479d861d91a5361e3dac"},{"key":"apitoken","value":"0ae8dc8bc15045469f96e34a16d11224"}]
2017-05-02 10:11:55,723 INFO [main] c.h.e.s.s.BsiTalkingDataService [BsiTalkingDataService.java:58] getAccessToken()={"status":200,"msg":"OK","data":{"login":true,"timeout":3559,"token":"878ee387-ce70-4eff-8276-c5ad7f6b279a"}}
2017-05-02 10:11:55,799 INFO [main] c.h.e.s.s.BsiTalkingDataService [BsiTalkingDataService.java:92] first param=[{"key":"id","value":"1111"},{"key":"type","value":"imei"},{"key":"trinfo","value":"{}"}]
2017-05-02 10:12:11,902 INFO [main] c.h.e.s.s.BsiTalkingDataService [BsiTalkingDataService.java:55] getAccessToken param=[{"key":"apikey","value":"698cd5baa506479d861d91a5361e3dac"},{"key":"apitoken","value":"0ae8dc8bc15045469f96e34a16d11224"}]
2017-05-02 10:12:12,605 INFO [main] c.h.e.s.s.BsiTalkingDataService [BsiTalkingDataService.java:58] getAccessToken()={"status":200,"msg":"OK","data":{"login":true,"timeout":3542,"token":"878ee387-ce70-4eff-8276-c5ad7f6b279a"}}
2017-05-02 10:12:12,655 INFO [main] c.h.e.s.s.BsiTalkingDataService [BsiTalkingDataService.java:92] first param=[{"key":"id","value":"1111"},{"key":"type","value":"imei"},{"key":"trinfo","value":"trinfo"}]
2017-05-02 10:14:15,455 INFO [main] c.h.e.s.s.BsiTalkingDataService [BsiTalkingDataService.java:55] getAccessToken param=[{"key":"apikey","value":"698cd5baa506479d861d91a5361e3dac"},{"key":"apitoken","value":"0ae8dc8bc15045469f96e34a16d11224"}]
2017-05-02 10:14:16,220 INFO [main] c.h.e.s.s.BsiTalkingDataService [BsiTalkingDataService.java:58] getAccessToken()={"status":200,"msg":"OK","data":{"login":true,"timeout":3418,"token":"878ee387-ce70-4eff-8276-c5ad7f6b279a"}}
2017-05-02 10:14:16,264 INFO [main] c.h.e.s.s.BsiTalkingDataService [BsiTalkingDataService.java:95] first param=[{"key":"id","value":"1111"},{"key":"type","value":"imei"}]
2017-05-02 10:14:34,989 INFO [main] c.h.e.s.s.BsiTalkingDataService [BsiTalkingDataService.java:55] getAccessToken param=[{"key":"apikey","value":"698cd5baa506479d861d91a5361e3dac"},{"key":"apitoken","value":"0ae8dc8bc15045469f96e34a16d11224"}]
2017-05-02 10:14:35,687 INFO [main] c.h.e.s.s.BsiTalkingDataService [BsiTalkingDataService.java:58] getAccessToken()={"status":200,"msg":"OK","data":{"login":true,"timeout":3399,"token":"878ee387-ce70-4eff-8276-c5ad7f6b279a"}}
2017-05-02 10:14:35,723 INFO [main] c.h.e.s.s.BsiTalkingDataService [BsiTalkingDataService.java:95] first param=[{"key":"id","value":"1111"},{"key":"type","value":"imei"}]
2017-05-02 10:15:29,926 INFO [main] c.h.e.s.s.BsiTalkingDataService [BsiTalkingDataService.java:55] getAccessToken param=[{"key":"apikey","value":"698cd5baa506479d861d91a5361e3dac"},{"key":"apitoken","value":"0ae8dc8bc15045469f96e34a16d11224"}]
2017-05-02 10:15:30,627 INFO [main] c.h.e.s.s.BsiTalkingDataService [BsiTalkingDataService.java:58] getAccessToken()={"status":200,"msg":"OK","data":{"login":true,"timeout":3344,"token":"878ee387-ce70-4eff-8276-c5ad7f6b279a"}}
2017-05-02 10:15:30,664 INFO [main] c.h.e.s.s.BsiTalkingDataService [BsiTalkingDataService.java:95] first param=[{"key":"id","value":"1111"},{"key":"type","value":"imei"}]
2017-05-02 10:16:19,956 INFO [main] c.h.e.s.s.BsiTalkingDataService [BsiTalkingDataService.java:55] getAccessToken param=[{"key":"apikey","value":"698cd5baa506479d861d91a5361e3dac"},{"key":"apitoken","value":"0ae8dc8bc15045469f96e34a16d11224"}]
2017-05-02 10:16:20,826 INFO [main] c.h.e.s.s.BsiTalkingDataService [BsiTalkingDataService.java:58] getAccessToken()={"status":200,"msg":"OK","data":{"login":true,"timeout":3294,"token":"878ee387-ce70-4eff-8276-c5ad7f6b279a"}}
2017-05-02 10:16:20,880 INFO [main] c.h.e.s.s.BsiTalkingDataService [BsiTalkingDataService.java:95] first param=[{"key":"id","value":"1111"},{"key":"type","value":"imei"}]
2017-05-02 10:19:20,065 INFO [main] c.h.e.s.s.BsiTalkingDataService [BsiTalkingDataService.java:55] getAccessToken param=[{"key":"apikey","value":"698cd5baa506479d861d91a5361e3dac"},{"key":"apitoken","value":"0ae8dc8bc15045469f96e34a16d11224"}]
2017-05-02 10:19:20,885 INFO [main] c.h.e.s.s.BsiTalkingDataService [BsiTalkingDataService.java:58] getAccessToken()={"status":200,"msg":"OK","data":{"login":true,"timeout":3114,"token":"878ee387-ce70-4eff-8276-c5ad7f6b279a"}}
2017-05-02 10:19:20,925 INFO [main] c.h.e.s.s.BsiTalkingDataService [BsiTalkingDataService.java:95] first param=[{"key":"id","value":"1111"},{"key":"type","value":"imei"}]
2017-05-02 10:19:37,236 INFO [main] c.h.e.s.s.BsiTalkingDataService [BsiTalkingDataService.java:55] getAccessToken param=[{"key":"apikey","value":"698cd5baa506479d861d91a5361e3dac"},{"key":"apitoken","value":"0ae8dc8bc15045469f96e34a16d11224"}]
2017-05-02 10:19:38,099 INFO [main] c.h.e.s.s.BsiTalkingDataService [BsiTalkingDataService.java:58] getAccessToken()={"status":200,"msg":"OK","data":{"login":true,"timeout":3097,"token":"878ee387-ce70-4eff-8276-c5ad7f6b279a"}}
2017-05-02 10:19:38,143 INFO [main] c.h.e.s.s.BsiTalkingDataService [BsiTalkingDataService.java:95] first param=[{"key":"id","value":"1111"},{"key":"type","value":"imei"}]
2017-05-02 10:20:07,921 INFO [main] c.h.e.s.s.BsiTalkingDataService [BsiTalkingDataService.java:55] getAccessToken param=[{"key":"apikey","value":"698cd5baa506479d861d91a5361e3dac"},{"key":"apitoken","value":"0ae8dc8bc15045469f96e34a16d11224"}]
2017-05-02 10:20:08,665 INFO [main] c.h.e.s.s.BsiTalkingDataService [BsiTalkingDataService.java:58] getAccessToken()={"status":200,"msg":"OK","data":{"login":true,"timeout":3066,"token":"878ee387-ce70-4eff-8276-c5ad7f6b279a"}}
2017-05-02 10:20:08,704 INFO [main] c.h.e.s.s.BsiTalkingDataService [BsiTalkingDataService.java:96] first param=[{"key":"id","value":"1111"},{"key":"type","value":"imei"}]
2017-05-02 10:21:40,178 INFO [main] c.h.e.s.s.BsiTalkingDataService [BsiTalkingDataService.java:55] getAccessToken param=[{"key":"apikey","value":"698cd5baa506479d861d91a5361e3dac"},{"key":"apitoken","value":"0ae8dc8bc15045469f96e34a16d11224"}]
2017-05-02 10:21:40,918 INFO [main] c.h.e.s.s.BsiTalkingDataService [BsiTalkingDataService.java:58] getAccessToken()={"status":200,"msg":"OK","data":{"login":true,"timeout":2974,"token":"878ee387-ce70-4eff-8276-c5ad7f6b279a"}}
2017-05-02 10:21:40,960 INFO [main] c.h.e.s.s.BsiTalkingDataService [BsiTalkingDataService.java:95] first param=[{"key":"id","value":"1111"},{"key":"type","value":"imei"}]
2017-05-02 10:22:20,336 INFO [main] c.h.e.s.s.BsiTalkingDataService [BsiTalkingDataService.java:55] getAccessToken param=[{"key":"apikey","value":"698cd5baa506479d861d91a5361e3dac"},{"key":"apitoken","value":"0ae8dc8bc15045469f96e34a16d11224"}]
2017-05-02 10:22:21,102 INFO [main] c.h.e.s.s.BsiTalkingDataService [BsiTalkingDataService.java:58] getAccessToken()={"status":200,"msg":"OK","data":{"login":true,"timeout":2934,"token":"878ee387-ce70-4eff-8276-c5ad7f6b279a"}}
2017-05-02 10:22:21,151 INFO [main] c.h.e.s.s.BsiTalkingDataService [BsiTalkingDataService.java:95] first param=[{"key":"id","value":"1111"},{"key":"type","value":"imei"}]
2017-05-02 10:23:59,055 INFO [main] c.h.e.s.s.BsiTalkingDataService [BsiTalkingDataService.java:57] getAccessToken param=[{"key":"apikey","value":"698cd5baa506479d861d91a5361e3dac"},{"key":"apitoken","value":"0ae8dc8bc15045469f96e34a16d11224"}]
2017-05-02 10:23:59,820 INFO [main] c.h.e.s.s.BsiTalkingDataService [BsiTalkingDataService.java:60] getAccessToken()={"status":200,"msg":"OK","data":{"login":true,"timeout":2835,"token":"878ee387-ce70-4eff-8276-c5ad7f6b279a"}}
2017-05-02 10:23:59,866 INFO [main] c.h.e.s.s.BsiTalkingDataService [BsiTalkingDataService.java:97] first param=[{"key":"id","value":"1111"},{"key":"type","value":"imei"}]
